2018-01-13T09:03:49.943Z - normal: Load ~/.CocosCreator/settings.json
2018-01-13T09:03:49.946Z - normal: checking language setting...
2018-01-13T09:03:49.947Z - normal: Language: zh
2018-01-13T09:03:52.692Z - success: protocol editor-framework registered
2018-01-13T09:03:52.692Z - success: protocol app registered
2018-01-13T09:03:52.692Z - success: protocol theme registered
2018-01-13T09:03:52.692Z - success: protocol packages registered
2018-01-13T09:03:52.692Z - success: protocol unpack registerred
2018-01-13T09:03:52.692Z - success: protocol disable-commonjs registerred
2018-01-13T09:03:52.975Z - normal: connected!
2018-01-13T09:03:52.977Z - normal: Check project E:\Project\GameFrame
2018-01-13T09:03:52.979Z - normal: Initializing Cocos2d
2018-01-13T09:03:53.866Z - normal: Initializing Asset Database
2018-01-13T09:03:53.902Z - success: protocol uuid registerred
2018-01-13T09:03:53.903Z - success: protocol db registerred
2018-01-13T09:03:53.903Z - success: protocol thumbnail registerred
2018-01-13T09:03:53.903Z - normal: Loading editor/builtin packages
2018-01-13T09:03:54.002Z - success: anysdk loaded
2018-01-13T09:03:54.116Z - success: assets loaded
2018-01-13T09:03:54.118Z - success: builder loaded
2018-01-13T09:03:54.120Z - success: cocos-analytics loaded
2018-01-13T09:03:54.122Z - success: console loaded
2018-01-13T09:03:54.124Z - success: hierarchy loaded
2018-01-13T09:03:54.126Z - success: inspector loaded
2018-01-13T09:03:54.127Z - success: keystore loaded
2018-01-13T09:03:54.129Z - success: node-library loaded
2018-01-13T09:03:54.130Z - success: package-asset loaded
2018-01-13T09:03:54.132Z - success: preferences loaded
2018-01-13T09:03:54.133Z - success: project-exporter loaded
2018-01-13T09:03:54.149Z - success: project-importer loaded
2018-01-13T09:03:54.151Z - success: project-settings loaded
2018-01-13T09:03:54.152Z - success: ui-kit loaded
2018-01-13T09:03:54.161Z - success: ui-grid loaded
2018-01-13T09:03:54.163Z - success: scene loaded
2018-01-13T09:03:54.164Z - success: sprite-editor loaded
2018-01-13T09:03:54.166Z - success: store loaded
2018-01-13T09:03:54.169Z - success: timeline loaded
2018-01-13T09:03:54.169Z - normal: Loading builtin packages
2018-01-13T09:03:54.178Z - success: asset-db-debugger loaded
2018-01-13T09:03:54.180Z - success: code-editor loaded
2018-01-13T09:03:54.187Z - success: color-picker loaded
2018-01-13T09:03:54.189Z - success: package-manager loaded
2018-01-13T09:03:54.192Z - success: sdkbox loaded
2018-01-13T09:03:54.194Z - success: tester loaded
2018-01-13T09:03:54.195Z - success: ui-kit-preview-extra loaded
2018-01-13T09:03:54.196Z - success: ui-kit-preview loaded
2018-01-13T09:03:54.197Z - success: ui-tree loaded
2018-01-13T09:03:55.350Z - normal: Initializing project E:\Project\GameFrame
2018-01-13T09:03:55.355Z - normal: Loading packages
2018-01-13T09:03:55.358Z - normal: Watching packages
2018-01-13T09:03:55.374Z - normal: Run Application
2018-01-13T09:03:56.256Z - success: preview server running at http://localhost:7456
2018-01-13T09:04:01.507Z - normal: 1.8.0
2018-01-13T09:04:02.140Z - normal: true
2018-01-13T09:04:02.140Z - normal: false
2018-01-13T13:48:30.748Z - normal: true
2018-01-13T13:48:30.750Z - normal: false
2018-01-13T13:48:30.750Z - normal: ,2,3
2018-01-13T13:48:58.656Z - normal: true
2018-01-13T13:48:58.656Z - normal: false
2018-01-13T13:48:58.656Z - normal: ,,3
2018-01-13T15:01:03.613Z - normal: true
2018-01-13T15:01:03.614Z - normal: false
2018-01-13T15:01:03.614Z - normal: ,,3
2018-01-13T15:01:25.164Z - failed: load script [EventNode] failed : Error: Cannot find module 'EventNode'
    at Module._resolveFilename (module.js:470:15)
    at Function.Module._resolveFilename [as _resolveFilenameVendor] (D:\Cocos\Creator\resources\electron.asar\common\reset-search-paths.js:35:12)
    at Function.Module._resolveFilename (D:\Cocos\Creator\resources\app.asar\editor\page\project-scripts.js:1:1361)
    at Function.Module._load (module.js:418:25)
    at Module.require (module.js:498:17)
    at require (internal/module.js:20:19)
    at Object.cc.require (D:\Cocos\Creator\resources\app.asar\editor\page\project-scripts.js:1:967)
    at E:\Project\GameFrame\temp\quick-scripts\assets\Script\Core\Manager\Event\EventManager.js:1:373
    at __define (E:\Project\GameFrame\temp\quick-scripts\assets\Script\Core\Manager\Event\EventManager.js:12:17)
    at E:\Project\GameFrame\temp\quick-scripts\assets\Script\Core\Manager\Event\EventManager.js:245:13
2018-01-13T15:01:25.166Z - normal: true
2018-01-13T15:01:25.166Z - normal: false
2018-01-13T15:01:25.166Z - normal: ,,3
2018-01-13T15:01:28.730Z - failed: load script [EventNode] failed : Error: Cannot find module 'EventNode'
    at Module._resolveFilename (module.js:470:15)
    at Function.Module._resolveFilename [as _resolveFilenameVendor] (D:\Cocos\Creator\resources\electron.asar\common\reset-search-paths.js:35:12)
    at Function.Module._resolveFilename (D:\Cocos\Creator\resources\app.asar\editor\page\project-scripts.js:1:1361)
    at Function.Module._load (module.js:418:25)
    at Module.require (module.js:498:17)
    at require (internal/module.js:20:19)
    at Object.cc.require (D:\Cocos\Creator\resources\app.asar\editor\page\project-scripts.js:1:967)
    at E:\Project\GameFrame\temp\quick-scripts\assets\Script\Core\Manager\Event\EventManager.js:1:373
    at __define (E:\Project\GameFrame\temp\quick-scripts\assets\Script\Core\Manager\Event\EventManager.js:12:17)
    at E:\Project\GameFrame\temp\quick-scripts\assets\Script\Core\Manager\Event\EventManager.js:245:13
2018-01-13T15:01:28.731Z - normal: true
2018-01-13T15:01:28.731Z - normal: false
2018-01-13T15:01:28.731Z - normal: ,,3
2018-01-13T15:13:08.119Z - failed: load script [ScriptNode] failed : Error: Cannot find module 'ScriptNode'
    at Module._resolveFilename (module.js:470:15)
    at Function.Module._resolveFilename [as _resolveFilenameVendor] (D:\Cocos\Creator\resources\electron.asar\common\reset-search-paths.js:35:12)
    at Function.Module._resolveFilename (D:\Cocos\Creator\resources\app.asar\editor\page\project-scripts.js:1:1361)
    at Function.Module._load (module.js:418:25)
    at Module.require (module.js:498:17)
    at require (internal/module.js:20:19)
    at Object.cc.require (D:\Cocos\Creator\resources\app.asar\editor\page\project-scripts.js:1:967)
    at E:\Project\GameFrame\temp\quick-scripts\assets\Script\Core\Manager\Event\EventManager.js:1:373
    at __define (E:\Project\GameFrame\temp\quick-scripts\assets\Script\Core\Manager\Event\EventManager.js:12:18)
    at E:\Project\GameFrame\temp\quick-scripts\assets\Script\Core\Manager\Event\EventManager.js:245:13
2018-01-13T15:13:08.121Z - normal: true
2018-01-13T15:13:08.121Z - normal: false
2018-01-13T15:13:08.121Z - normal: ,,3
2018-01-13T15:13:12.055Z - normal: true
2018-01-13T15:13:12.055Z - normal: false
2018-01-13T15:13:12.055Z - normal: ,,3
2018-01-13T15:13:16.276Z - normal: true
2018-01-13T15:13:16.277Z - normal: false
2018-01-13T15:13:16.277Z - normal: ,,3
2018-01-13T15:25:21.166Z - normal: true
2018-01-13T15:25:21.167Z - normal: false
2018-01-13T15:25:21.167Z - normal: ,,3
2018-01-13T15:30:55.387Z - normal: true
2018-01-13T15:30:55.389Z - normal: false
2018-01-13T15:30:55.389Z - normal: ,,3
2018-01-13T15:31:58.187Z - normal: true
2018-01-13T15:31:58.187Z - normal: false
2018-01-13T15:31:58.188Z - normal: ,,3
2018-01-13T15:32:02.470Z - normal: true
2018-01-13T15:32:02.471Z - normal: false
2018-01-13T15:32:02.471Z - normal: ,,3
2018-01-13T16:05:20.176Z - normal: true
2018-01-13T16:05:20.177Z - normal: false
2018-01-13T16:05:20.177Z - normal: ,,3
2018-01-13T16:08:15.433Z - normal: true
2018-01-13T16:08:15.434Z - normal: false
2018-01-13T16:08:15.434Z - normal: ,,3
2018-01-13T16:08:20.340Z - normal: true
2018-01-13T16:08:20.340Z - normal: false
2018-01-13T16:08:20.340Z - normal: ,,3
2018-01-13T16:33:33.353Z - normal: true
2018-01-13T16:33:33.357Z - normal: false
2018-01-13T16:33:33.357Z - normal: ,,3
2018-01-13T16:33:34.837Z - info: shutdown preview server
